{
  "RSpec": {
    "coverage": {
      "/home/zampieri/Projects/challenge/myfreecomm/desafio-programacao-1/app/models/document.rb": [
        1,
        1,
        null,
        1,
        null
      ],
      "/home/zampieri/Projects/challenge/myfreecomm/desafio-programacao-1/app/uploaders/document_uploader.rb": [
        1,
        1,
        null,
        1,
        0,
        null,
        null,
        1,
        0,
        null,
        null
      ]
    },
    "timestamp": 1420576497
  }
}
